# JRE version: OpenJDK Runtime Environment (7.0_79-b14) (build 1.7.0_79-b14)
# Java VM: OpenJDK 64-Bit Server VM (24.79-b02 mixed mode linux-amd64 compressed oops)
Heap
 PSYoungGen      total 289792K, used 196419K [0x00000000ed500000, 0x0000000100000000, 0x0000000100000000)
  eden space 274432K, 67% used [0x00000000ed500000,0x00000000f89c52b0,0x00000000fe100000)
  from space 15360K, 73% used [0x00000000ff100000,0x00000000ffc0b968,0x0000000100000000)
  to   space 15872K, 0% used [0x00000000fe100000,0x00000000fe100000,0x00000000ff080000)
 ParOldGen       total 37888K, used 24964K [0x00000000c8000000, 0x00000000ca500000, 0x00000000ed500000)
  object space 37888K, 65% used [0x00000000c8000000,0x00000000c98610c0,0x00000000ca500000)
 PSPermGen       total 31744K, used 31644K [0x00000000bda00000, 0x00000000bf900000, 0x00000000c8000000)
  object space 31744K, 99% used [0x00000000bda00000,0x00000000bf8e7368,0x00000000bf900000)
GC Heap History (10 events):
Event: 2,000 GC heap before
{Heap before GC invocations=6 (full 0):
 PSYoungGen      total 63488K, used 63456K [0x00000000ed500000, 0x00000000f5900000, 0x0000000100000000)
  eden space 61440K, 100% used [0x00000000ed500000,0x00000000f1100000,0x00000000f1100000)
  from space 2048K, 98% used [0x00000000f1100000,0x00000000f12f8020,0x00000000f1300000)
  to   space 6144K, 0% used [0x00000000f5300000,0x00000000f5300000,0x00000000f5900000)
 ParOldGen       total 37888K, used 9424K [0x00000000c8000000, 0x00000000ca500000, 0x00000000ed500000)
  object space 37888K, 24% used [0x00000000c8000000,0x00000000c89342e0,0x00000000ca500000)
 PSPermGen       total 21504K, used 15902K [0x00000000bda00000, 0x00000000bef00000, 0x00000000c8000000)
  object space 21504K, 73% used [0x00000000bda00000,0x00000000be987ad8,0x00000000bef00000)
Event: 2,017 GC heap after
Heap after GC invocations=6 (full 0):
 PSYoungGen      total 127488K, used 6128K [0x00000000ed500000, 0x00000000f5c00000, 0x0000000100000000)
  eden space 121344K, 0% used [0x00000000ed500000,0x00000000ed500000,0x00000000f4b80000)
  from space 6144K, 99% used [0x00000000f5300000,0x00000000f58fc030,0x00000000f5900000)
  to   space 7680K, 0% used [0x00000000f4b80000,0x00000000f4b80000,0x00000000f5300000)
 ParOldGen       total 37888K, used 10904K [0x00000000c8000000, 0x00000000ca500000, 0x00000000ed500000)
  object space 37888K, 28% used [0x00000000c8000000,0x00000000c8aa62e0,0x00000000ca500000)
 PSPermGen       total 21504K, used 15902K [0x00000000bda00000, 0x00000000bef00000, 0x00000000c8000000)
  object space 21504K, 73% used [0x00000000bda00000,0x00000000be987ad8,0x00000000bef00000)
}
Event: 2,431 GC heap before
{Heap before GC invocations=7 (full 0):
 PSYoungGen      total 127488K, used 127472K [0x00000000ed500000, 0x00000000f5c00000, 0x0000000100000000)
  eden space 121344K, 100% used [0x00000000ed500000,0x00000000f4b80000,0x00000000f4b80000)
  from space 6144K, 99% used [0x00000000f5300000,0x00000000f58fc030,0x00000000f5900000)
  to   space 7680K, 0% used [0x00000000f4b80000,0x00000000f4b80000,0x00000000f5300000)
 ParOldGen       total 37888K, used 10904K [0x00000000c8000000, 0x00000000ca500000, 0x00000000ed500000)
  object space 37888K, 28% used [0x00000000c8000000,0x00000000c8aa62e0,0x00000000ca500000)
 PSPermGen       total 21504K, used 17178K [0x00000000bda00000, 0x00000000bef00000, 0x00000000c8000000)
  object space 21504K, 79% used [0x00000000bda00000,0x00000000beac6968,0x00000000bef00000)
Event: 2,454 GC heap after
Heap after GC invocations=7 (full 0):
 PSYoungGen      total 129024K, used 7678K [0x00000000ed500000, 0x00000000fd900000, 0x0000000100000000)
  eden space 121344K, 0% used [0x00000000ed500000,0x00000000ed500000,0x00000000f4b80000)
  from space 7680K, 99% used [0x00000000f4b80000,0x00000000f52ffb48,0x00000000f5300000)
  to   space 11776K, 0% used [0x00000000fcd80000,0x00000000fcd80000,0x00000000fd900000)
 ParOldGen       total 37888K, used 15869K [0x00000000c8000000, 0x00000000ca500000, 0x00000000ed500000)
  object space 37888K, 41% used [0x00000000c8000000,0x00000000c8f7f4f8,0x00000000ca500000)
 PSPermGen       total 21504K, used 17178K [0x00000000bda00000, 0x00000000bef00000, 0x00000000c8000000)
  object space 21504K, 79% used [0x00000000bda00000,0x00000000beac6968,0x00000000bef00000)
}
Event: 3,045 GC heap before
{Heap before GC invocations=8 (full 0):
 PSYoungGen      total 129024K, used 129022K [0x00000000ed500000, 0x00000000fd900000, 0x0000000100000000)
  eden space 121344K, 100% used [0x00000000ed500000,0x00000000f4b80000,0x00000000f4b80000)
  from space 7680K, 99% used [0x00000000f4b80000,0x00000000f52ffb48,0x00000000f5300000)
  to   space 11776K, 0% used [0x00000000fcd80000,0x00000000fcd80000,0x00000000fd900000)
 ParOldGen       total 37888K, used 15869K [0x00000000c8000000, 0x00000000ca500000, 0x00000000ed500000)
  object space 37888K, 41% used [0x00000000c8000000,0x00000000c8f7f4f8,0x00000000ca500000)
 PSPermGen       total 21504K, used 18680K [0x00000000bda00000, 0x00000000bef00000, 0x00000000c8000000)
  object space 21504K, 86% used [0x00000000bda00000,0x00000000bec3e050,0x00000000bef00000)
Event: 3,061 GC heap after
Heap after GC invocations=8 (full 0):
 PSYoungGen      total 254464K, used 7710K [0x00000000ed500000, 0x00000000fd900000, 0x0000000100000000)
  eden space 242688K, 0% used [0x00000000ed500000,0x00000000ed500000,0x00000000fc200000)
  from space 11776K, 65% used [0x00000000fcd80000,0x00000000fd507b08,0x00000000fd900000)
  to   space 11776K, 0% used [0x00000000fc200000,0x00000000fc200000,0x00000000fcd80000)
 ParOldGen       total 37888K, used 16503K [0x00000000c8000000, 0x00000000ca500000, 0x00000000ed500000)
  object space 37888K, 43% used [0x00000000c8000000,0x00000000c901dd08,0x00000000ca500000)
 PSPermGen       total 21504K, used 18680K [0x00000000bda00000, 0x00000000bef00000, 0x00000000c8000000)
  object space 21504K, 86% used [0x00000000bda00000,0x00000000bec3e050,0x00000000bef00000)
}
Event: 4,356 GC heap before
{Heap before GC invocations=9 (full 0):
 PSYoungGen      total 254464K, used 250398K [0x00000000ed500000, 0x00000000fd900000, 0x0000000100000000)
  eden space 242688K, 100% used [0x00000000ed500000,0x00000000fc200000,0x00000000fc200000)
  from space 11776K, 65% used [0x00000000fcd80000,0x00000000fd507b08,0x00000000fd900000)
  to   space 11776K, 0% used [0x00000000fc200000,0x00000000fc200000,0x00000000fcd80000)
 ParOldGen       total 37888K, used 16503K [0x00000000c8000000, 0x00000000ca500000, 0x00000000ed500000)
  object space 37888K, 43% used [0x00000000c8000000,0x00000000c901dd08,0x00000000ca500000)
 PSPermGen       total 23552K, used 23351K [0x00000000bda00000, 0x00000000bf100000, 0x00000000c8000000)
  object space 23552K, 99% used [0x00000000bda00000,0x00000000bf0cde50,0x00000000bf100000)
Event: 4,385 GC heap after
Heap after GC invocations=9 (full 0):
 PSYoungGen      total 254464K, used 11759K [0x00000000ed500000, 0x0000000100000000, 0x0000000100000000)
  eden space 242688K, 0% used [0x00000000ed500000,0x00000000ed500000,0x00000000fc200000)
  from space 11776K, 99% used [0x00000000fc200000,0x00000000fcd7bc18,0x00000000fcd80000)
  to   space 15360K, 0% used [0x00000000ff100000,0x00000000ff100000,0x0000000100000000)
 ParOldGen       total 37888K, used 20804K [0x00000000c8000000, 0x00000000ca500000, 0x00000000ed500000)
  object space 37888K, 54% used [0x00000000c8000000,0x00000000c94510c0,0x00000000ca500000)
 PSPermGen       total 23552K, used 23351K [0x00000000bda00000, 0x00000000bf100000, 0x00000000c8000000)
  object space 23552K, 99% used [0x00000000bda00000,0x00000000bf0cde50,0x00000000bf100000)
}
Event: 5,687 GC heap before
{Heap before GC invocations=10 (full 0):
 PSYoungGen      total 254464K, used 254447K [0x00000000ed500000, 0x0000000100000000, 0x0000000100000000)
  eden space 242688K, 100% used [0x00000000ed500000,0x00000000fc200000,0x00000000fc200000)
  from space 11776K, 99% used [0x00000000fc200000,0x00000000fcd7bc18,0x00000000fcd80000)
  to   space 15360K, 0% used [0x00000000ff100000,0x00000000ff100000,0x0000000100000000)
 ParOldGen       total 37888K, used 20804K [0x00000000c8000000, 0x00000000ca500000, 0x00000000ed500000)
  object space 37888K, 54% used [0x00000000c8000000,0x00000000c94510c0,0x00000000ca500000)
 PSPermGen       total 28160K, used 27834K [0x00000000bda00000, 0x00000000bf580000, 0x00000000c8000000)
  object space 28160K, 98% used [0x00000000bda00000,0x00000000bf52eae0,0x00000000bf580000)
Event: 5,721 GC heap after
Heap after GC invocations=10 (full 0):
 PSYoungGen      total 289792K, used 11310K [0x00000000ed500000, 0x0000000100000000, 0x0000000100000000)
  eden space 274432K, 0% used [0x00000000ed500000,0x00000000ed500000,0x00000000fe100000)
  from space 15360K, 73% used [0x00000000ff100000,0x00000000ffc0b968,0x0000000100000000)
  to   space 15872K, 0% used [0x00000000fe100000,0x00000000fe100000,0x00000000ff080000)
 ParOldGen       total 37888K, used 24964K [0x00000000c8000000, 0x00000000ca500000, 0x00000000ed500000)
  object space 37888K, 65% used [0x00000000c8000000,0x00000000c98610c0,0x00000000ca500000)
 PSPermGen       total 28160K, used 27834K [0x00000000bda00000, 0x00000000bf580000, 0x00000000c8000000)
  object space 28160K, 98% used [0x00000000bda00000,0x00000000bf52eae0,0x00000000bf580000)
}

